빌드 시작: 2014-11-05 오후 5:49:36
     1>2 노드의 "C:\Users\BoKyoung\Desktop\ver1\ver1.vcxproj" 프로젝트(build 대상)입니다.
     1>InitializeBuildStatus:
         "Debug\ver1.unsuccessfulbuild"에 연결(touching)하고 있습니다.
       ClCompile:
         C:\Program Files\Microsoft Visual Studio 10.0\VC\bin\CL.exe /c /ZI /nologo /W3 /WX- /Od /Oy- /D WIN32 /D _WINDOWS /D _DEBUG /D _UNICODE /D UNICODE /D _AFXDLL /Gm /EHsc /RTC1 /MDd /GS /fp:precise /Zc:wchar_t /Zc:forScope /Yu"StdAfx.h" /Fp"Debug\ver1.pch" /Fo"Debug\\" /Fd"Debug\vc100.pdb" /Gd /TP /analyze- /errorReport:prompt "..\2014-2학\전공-MFC\AA\alarm-e.cpp" "..\2014-2학\전공-MFC\AA\alarm-eDIg.cpp" "..\2014-2학\전공-MFC\AA\Alarm_UICapture.cpp" "..\2014-2학\전공-MFC\AA\Alarm_UIChild.cpp" "..\2014-2학\전공-MFC\AA\Alarm_UIJoin.cpp" "..\2014-2학\전공-MFC\AA\Alarm_UILogin.cpp" "..\2014-2학\전공-MFC\AA\Alarm_UIParent.cpp" "..\2014-2학\전공-MFC\AA\Alarm_UIPopop.cpp" "..\2014-2학\전공-MFC\AA\dllmain.cpp" "..\2014-2학\전공-MFC\AA\Full.cpp" "..\2014-2학\전공-MFC\AA\JKRegistry.cpp" "..\2014-2학\전공-MFC\AA\Jpeg.cpp" "..\2014-2학\전공-MFC\AA\JSHook.cpp" "..\2014-2학\전공-MFC\AA\stdafx.cpp" HookDll.cpp
         HookDll.cpp
     1>c1xx : fatal error C1083: 소스 파일을 열 수 없습니다. 'HookDll.cpp': No such file or directory
         stdafx.cpp
     1>c:\users\bokyoung\desktop\2014-2학\전공-mfc\aa\stdafx.cpp(2): fatal error C1083: 미리 컴파일된 헤더 파일을 열 수 없습니다. 'Debug\ver1.pch': No such file or directory
         JSHook.cpp
     1>c:\users\bokyoung\desktop\2014-2학\전공-mfc\aa\jshook.cpp(2): fatal error C1083: 미리 컴파일된 헤더 파일을 열 수 없습니다. 'Debug\ver1.pch': No such file or directory
         Jpeg.cpp
     1>c:\users\bokyoung\desktop\2014-2학\전공-mfc\aa\jpeg.cpp(1): fatal error C1083: 미리 컴파일된 헤더 파일을 열 수 없습니다. 'Debug\ver1.pch': No such file or directory
         JKRegistry.cpp
     1>c:\users\bokyoung\desktop\2014-2학\전공-mfc\aa\jkregistry.cpp(221): fatal error C1010: 미리 컴파일된 헤더를 찾는 동안 예기치 않은 파일의 끝이 나타났습니다. '#include "StdAfx.h"'을(를) 소스에 추가하시겠습니까?
         Full.cpp
     1>c:\users\bokyoung\desktop\2014-2학\전공-mfc\aa\full.cpp(2): fatal error C1083: 미리 컴파일된 헤더 파일을 열 수 없습니다. 'Debug\ver1.pch': No such file or directory
         dllmain.cpp
     1>c:\users\bokyoung\desktop\2014-2학\전공-mfc\aa\dllmain.cpp(1): fatal error C1083: 미리 컴파일된 헤더 파일을 열 수 없습니다. 'Debug\ver1.pch': No such file or directory
         Alarm_UIPopop.cpp
     1>c:\users\bokyoung\desktop\2014-2학\전공-mfc\aa\alarm_uipopop.cpp(1): fatal error C1083: 미리 컴파일된 헤더 파일을 열 수 없습니다. 'Debug\ver1.pch': No such file or directory
         Alarm_UIParent.cpp
     1>c:\users\bokyoung\desktop\2014-2학\전공-mfc\aa\alarm_uiparent.cpp(2370): fatal error C1010: 미리 컴파일된 헤더를 찾는 동안 예기치 않은 파일의 끝이 나타났습니다. '#include "StdAfx.h"'을(를) 소스에 추가하시겠습니까?
         Alarm_UILogin.cpp
     1>c:\users\bokyoung\desktop\2014-2학\전공-mfc\aa\alarm_uilogin.cpp(1): fatal error C1083: 미리 컴파일된 헤더 파일을 열 수 없습니다. 'Debug\ver1.pch': No such file or directory
         Alarm_UIJoin.cpp
     1>c:\users\bokyoung\desktop\2014-2학\전공-mfc\aa\alarm_uijoin.cpp(3): fatal error C1083: 미리 컴파일된 헤더 파일을 열 수 없습니다. 'Debug\ver1.pch': No such file or directory
         Alarm_UIChild.cpp
     1>c:\users\bokyoung\desktop\2014-2학\전공-mfc\aa\alarm_uichild.cpp(1): fatal error C1083: 미리 컴파일된 헤더 파일을 열 수 없습니다. 'Debug\ver1.pch': No such file or directory
         Alarm_UICapture.cpp
     1>c:\users\bokyoung\desktop\2014-2학\전공-mfc\aa\alarm_uicapture.cpp(1): fatal error C1083: 미리 컴파일된 헤더 파일을 열 수 없습니다. 'Debug\ver1.pch': No such file or directory
         alarm-eDIg.cpp
     1>c:\users\bokyoung\desktop\2014-2학\전공-mfc\aa\alarm-edig.cpp(1): fatal error C1083: 미리 컴파일된 헤더 파일을 열 수 없습니다. 'Debug\ver1.pch': No such file or directory
         alarm-e.cpp
     1>c:\users\bokyoung\desktop\2014-2학\전공-mfc\aa\alarm-e.cpp(1992): fatal error C1010: 미리 컴파일된 헤더를 찾는 동안 예기치 않은 파일의 끝이 나타났습니다. '#include "StdAfx.h"'을(를) 소스에 추가하시겠습니까?
         코드를 생성하고 있습니다...
     1>"C:\Users\BoKyoung\Desktop\ver1\ver1.vcxproj" 프로젝트를 빌드했습니다(build 대상). - 실패

빌드하지 못했습니다.

경과 시간: 00:00:00.15
